
> agri-connect-backend@1.0.0 build
> tsc

src/config/database.ts(1,22): error TS7016: Could not find a declaration file for module 'better-sqlite3'. 'D:/agri/agri-connect/backend/node_modules/better-sqlite3/lib/index.js' implicitly has an 'any' type.
  Try `npm i --save-dev @types/better-sqlite3` if it exists or add a new declaration (.d.ts) file containing `declare module 'better-sqlite3';`
src/services/product.service.ts(29,16): error TS2352: Conversion of type 'Promise<{ id: string; farmer_id: string; name: string; quantity: number; unit: string; base_price: number; current_price: number; status: "available" | "sold" | "reserved"; created_at: string; updated_at: string; ... 6 more ...; description?: string | undefined; } | undefined>' to type '{ id: string; farmer_id: string; name: string; quantity: number; unit: string; base_price: number; current_price: number; status: "available" | "sold" | "reserved"; created_at: string; updated_at: string; ... 6 more ...; description?: string | undefined; }' may be a mistake because neither type sufficiently overlaps with the other. If this was intentional, convert the expression to 'unknown' first.
  Type 'Promise<{ id: string; farmer_id: string; name: string; quantity: number; unit: string; base_price: number; current_price: number; status: "available" | "sold" | "reserved"; created_at: string; updated_at: string; ... 6 more ...; description?: string | undefined; } | undefined>' is missing the following properties from type '{ id: string; farmer_id: string; name: string; quantity: number; unit: string; base_price: number; current_price: number; status: "available" | "sold" | "reserved"; created_at: string; updated_at: string; ... 6 more ...; description?: string | undefined; }': id, farmer_id, name, quantity, and 6 more.
src/services/product.service.ts(101,16): error TS2352: Conversion of type 'Promise<{ id: string; farmer_id: string; name: string; quantity: number; unit: string; base_price: number; current_price: number; status: "available" | "sold" | "reserved"; created_at: string; updated_at: string; ... 6 more ...; description?: string | undefined; } | undefined>' to type '{ id: string; farmer_id: string; name: string; quantity: number; unit: string; base_price: number; current_price: number; status: "available" | "sold" | "reserved"; created_at: string; updated_at: string; ... 6 more ...; description?: string | undefined; }' may be a mistake because neither type sufficiently overlaps with the other. If this was intentional, convert the expression to 'unknown' first.
  Type 'Promise<{ id: string; farmer_id: string; name: string; quantity: number; unit: string; base_price: number; current_price: number; status: "available" | "sold" | "reserved"; created_at: string; updated_at: string; ... 6 more ...; description?: string | undefined; } | undefined>' is missing the following properties from type '{ id: string; farmer_id: string; name: string; quantity: number; unit: string; base_price: number; current_price: number; status: "available" | "sold" | "reserved"; created_at: string; updated_at: string; ... 6 more ...; description?: string | undefined; }': id, farmer_id, name, quantity, and 6 more.
src/utils/jwt.ts(22,29): error TS2769: No overload matches this call.
  Overload 1 of 5, '(payload: string | object | Buffer<ArrayBufferLike>, secretOrPrivateKey: null, options?: (SignOptions & { algorithm: "none"; }) | undefined): string', gave the following error.
    Argument of type 'string' is not assignable to parameter of type 'null'.
  Overload 2 of 5, '(payload: string | object | Buffer<ArrayBufferLike>, secretOrPrivateKey: Buffer<ArrayBufferLike> | Secret | PrivateKeyInput | JsonWebKeyInput, options?: SignOptions | undefined): string', gave the following error.
    Type 'string' is not assignable to type 'number | StringValue | undefined'.
  Overload 3 of 5, '(payload: string | object | Buffer<ArrayBufferLike>, secretOrPrivateKey: Buffer<ArrayBufferLike> | Secret | PrivateKeyInput | JsonWebKeyInput, callback: SignCallback): void', gave the following error.
    Object literal may only specify known properties, and 'expiresIn' does not exist in type 'SignCallback'.
src/utils/jwt.ts(23,30): error TS2769: No overload matches this call.
  Overload 1 of 5, '(payload: string | object | Buffer<ArrayBufferLike>, secretOrPrivateKey: null, options?: (SignOptions & { algorithm: "none"; }) | undefined): string', gave the following error.
    Argument of type 'string' is not assignable to parameter of type 'null'.
  Overload 2 of 5, '(payload: string | object | Buffer<ArrayBufferLike>, secretOrPrivateKey: Buffer<ArrayBufferLike> | Secret | PrivateKeyInput | JsonWebKeyInput, options?: SignOptions | undefined): string', gave the following error.
    Type 'string' is not assignable to type 'number | StringValue | undefined'.
  Overload 3 of 5, '(payload: string | object | Buffer<ArrayBufferLike>, secretOrPrivateKey: Buffer<ArrayBufferLike> | Secret | PrivateKeyInput | JsonWebKeyInput, callback: SignCallback): void', gave the following error.
    Object literal may only specify known properties, and 'expiresIn' does not exist in type 'SignCallback'.
